mode: atomic
gitlab.com/vasilpatelnya/rpi-home/internal/app/rpi-detector-mongo/detector.go:35.19,44.2 1 1
gitlab.com/vasilpatelnya/rpi-home/internal/app/rpi-detector-mongo/detector.go:46.64,48.65 2 0
gitlab.com/vasilpatelnya/rpi-home/internal/app/rpi-detector-mongo/detector.go:54.2,54.20 1 0
gitlab.com/vasilpatelnya/rpi-home/internal/app/rpi-detector-mongo/detector.go:48.65,52.3 2 0
gitlab.com/vasilpatelnya/rpi-home/internal/app/rpi-detector-mongo/detector.go:57.47,59.16 2 0
gitlab.com/vasilpatelnya/rpi-home/internal/app/rpi-detector-mongo/detector.go:65.2,65.12 1 0
gitlab.com/vasilpatelnya/rpi-home/internal/app/rpi-detector-mongo/detector.go:59.16,63.3 2 0
gitlab.com/vasilpatelnya/rpi-home/internal/app/rpi-detector-mongo/detector.go:68.43,71.20 3 0
gitlab.com/vasilpatelnya/rpi-home/internal/app/rpi-detector-mongo/detector.go:75.2,75.19 1 0
gitlab.com/vasilpatelnya/rpi-home/internal/app/rpi-detector-mongo/detector.go:71.20,73.3 1 0
gitlab.com/vasilpatelnya/rpi-home/internal/app/rpi-detector-mongo/detector.go:78.65,80.16 2 0
gitlab.com/vasilpatelnya/rpi-home/internal/app/rpi-detector-mongo/detector.go:85.2,85.22 1 0
gitlab.com/vasilpatelnya/rpi-home/internal/app/rpi-detector-mongo/detector.go:118.2,118.31 1 0
gitlab.com/vasilpatelnya/rpi-home/internal/app/rpi-detector-mongo/detector.go:80.16,84.3 2 0
gitlab.com/vasilpatelnya/rpi-home/internal/app/rpi-detector-mongo/detector.go:85.22,89.57 4 0
gitlab.com/vasilpatelnya/rpi-home/internal/app/rpi-detector-mongo/detector.go:89.57,91.18 2 0
gitlab.com/vasilpatelnya/rpi-home/internal/app/rpi-detector-mongo/detector.go:96.4,98.18 3 0
gitlab.com/vasilpatelnya/rpi-home/internal/app/rpi-detector-mongo/detector.go:103.4,104.18 2 0
gitlab.com/vasilpatelnya/rpi-home/internal/app/rpi-detector-mongo/detector.go:109.4,110.18 2 0
gitlab.com/vasilpatelnya/rpi-home/internal/app/rpi-detector-mongo/detector.go:91.18,95.5 2 0
gitlab.com/vasilpatelnya/rpi-home/internal/app/rpi-detector-mongo/detector.go:98.18,102.5 2 0
gitlab.com/vasilpatelnya/rpi-home/internal/app/rpi-detector-mongo/detector.go:104.18,108.5 2 0
gitlab.com/vasilpatelnya/rpi-home/internal/app/rpi-detector-mongo/detector.go:110.18,114.5 2 0
gitlab.com/vasilpatelnya/rpi-home/internal/app/rpi-detector-mongo/detector.go:121.66,126.2 3 0
